<?xml version="1.0" encoding="UTF-8"?>
<!-- Generated by org.testng.reporters.JUnitReportReporter -->
<testsuite hostname="Sakshi" failures="0" tests="1" name="org.example.AppTest1" time="0.001" errors="0" timestamp="2023-03-29T00:26:44 IST" skipped="0">
  <testcase classname="org.example.AppTest1" name="add" time="0.001"/>
  <system-out/>
</testsuite> <!-- org.example.AppTest1 -->
