<?xml version="1.0" encoding="UTF-8"?>
<!-- Generated by org.testng.reporters.JUnitReportReporter -->
<testsuite hostname="Sakshi" failures="0" tests="1" name="org.example.AppTestTest" time="0.001" errors="0" timestamp="2023-03-28T16:09:14 IST" skipped="0">
  <testcase classname="org.example.AppTestTest" name="add" time="0.001"/>
  <system-out/>
</testsuite> <!-- org.example.AppTestTest -->
